-----------------
Version : ISIS V5.5.2
Date du traitement : 02/12/2017  06:34:15
-----------------
Nom de l'objet traité : SN2017IRO
Nom complet du fichier de l'objet traité : _sn2017iro_20171202_162_EBE.fit
Chemin de sauvegarde : c:\atik414ex_alpy600\b_etoiles\2017.12.02\
-----------------
Nom générique des spectres 2D bruts : c:\atik414ex_alpy600\b_etoiles\2017.12.02\SN2017IRO_2400s_
Nombre de spectres bruts : 2
Offset : c:\atik414ex_alpy600\b_etoiles\2017.12.02\offset
Dark : c:\atik414ex_alpy600\b_etoiles\2017.12.02\dark2400s
Coefficient du dark : 1.0000
Flat : c:\atik414ex_alpy600\b_etoiles\2017.12.02\flat2400s
Etalonnage : mode standard
Spectre lampe étalon : c:\atik414ex_alpy600\b_etoiles\2017.12.02\argon45s_1
Position Y de référence : 504
Taille pixel : 6.29
Registration verticale : non
Soustraction du fond de ciel : oui
Recentrage des spectres en longueur d'onde : oui
Angle de slant : 570
Angle de tilt : -0.05
Retrait des rayons cosmiques : oui
Limite X1 : 417
Limite X2 : 973
Fichier cosmétique : c:\atik414ex_alpy600\b_etoiles\2017.12.02\cosme2400s
Filtre gaussien : 0
Fichier de réponse spectrale : reponse1
Fichier de transmission atmosphérique : 
Décalage spectral : 0
Correction vitesse radiale : 0
Facteur de binning en sortie : 1
Indicatif du mode d'étalonnage : 30
Longueur d'onde de référence : 5852.49
Position X de référence : 867
Instrument : C8-f1260-Alpy600-Atik414EX
Résolution : 513
Site : St Sordelin
Observateur : EBE
Delta heure : 0
Ciel Y1 : 70
Ciel Y2 : 30
Ciel Y3 : 30
Ciel Y4 : 70
Largeur de la zone de binning : 30
Binning optimisé : oui
Coefficient de rejection des cosmiques pour le binning : 15
Zone de normalisation [Lambda 1 - Lambda 2] : [ 6500  -  6620 ]
Sommation standard des profils individuels
Interpollation : bilinéaire
A4 : 6.29943989489962E-11
A3 : -3.53204094796784E-07
A2 : 0.000421010963809202
A1 : 3.30582769680069
A0 : 2863.48962239815
-----------------
Date de prive de vue : 02/12/2017 03:53:01
Durée de prise de vue : 4803.0
Durée de prise de vue décomposée : 2 x 2400 s
Date de milieu de prise de vue : 2.190/12/2017
Jour Julien géocentrique du milieu de prise de vue : 2458089.6896
Pouvoir de résolution : 513.4
RMS de l'étalonnage spectral : 0.63325
